  test_main.cpp
  testStack.cpp
c:\все-все)\programms\project\mp2-lab3-polish_notation2\sln\test\teststack.cpp(23): error C2661: Lexeme::Lexeme: нет перегруженной функции, принимающей 3 аргументов
c:\все-все)\programms\project\mp2-lab3-polish_notation2\sln\test\teststack.cpp(42): error C2661: Lexeme::Lexeme: нет перегруженной функции, принимающей 3 аргументов
c:\все-все)\programms\project\mp2-lab3-polish_notation2\sln\test\teststack.cpp(50): error C2661: Lexeme::Lexeme: нет перегруженной функции, принимающей 3 аргументов
c:\все-все)\programms\project\mp2-lab3-polish_notation2\sln\test\teststack.cpp(62): error C2440: <function-style-cast>: невозможно преобразовать "initializer list" в "Lexeme"
  c:\все-все)\programms\project\mp2-lab3-polish_notation2\sln\test\teststack.cpp(62): note: Ни один конструктор не смог принять исходный тип, либо разрешение перегрузки конструктора неоднозначно
c:\все-все)\programms\project\mp2-lab3-polish_notation2\sln\test\teststack.cpp(73): error C2678: бинарный "==": не найден оператор, принимающий левый операнд типа "Lexeme" (или приемлемое преобразование отсутствует)
  c:\все-все)\programms\project\mp2-lab3-polish_notation2\includes\lexeme.h(33): note: может быть "bool Lexeme::operator ==(const Lexeme &)"
  c:\program files (x86)\microsoft visual studio 14.0\vc\include\system_error(379): note: или       "bool std::operator ==(const std::error_condition &,const std::error_condition &) noexcept"
  c:\program files (x86)\microsoft visual studio 14.0\vc\include\system_error(371): note: или       "bool std::operator ==(const std::error_condition &,const std::error_code &) noexcept"
  c:\program files (x86)\microsoft visual studio 14.0\vc\include\system_error(363): note: или       "bool std::operator ==(const std::error_code &,const std::error_condition &) noexcept"
  c:\program files (x86)\microsoft visual studio 14.0\vc\include\system_error(355): note: или       "bool std::operator ==(const std::error_code &,const std::error_code &) noexcept"
  c:\program files (x86)\microsoft visual studio 14.0\vc\include\exception(338): note: или       "bool std::operator ==(const std::exception_ptr &,std::nullptr_t) throw()"
  c:\program files (x86)\microsoft visual studio 14.0\vc\include\exception(333): note: или       "bool std::operator ==(std::nullptr_t,const std::exception_ptr &) throw()"
  c:\program files (x86)\microsoft visual studio 14.0\vc\include\exception(328): note: или       "bool std::operator ==(const std::exception_ptr &,const std::exception_ptr &) throw()"
  c:\все-все)\programms\project\mp2-lab3-polish_notation2\sln\test\teststack.cpp(73): note: при попытке сопоставить список аргументов "(Lexeme, int)"
c:\все-все)\programms\project\mp2-lab3-polish_notation2\sln\test\teststack.cpp(73): error C2446: ==: нет преобразования "int" в "Lexeme"
  c:\все-все)\programms\project\mp2-lab3-polish_notation2\sln\test\teststack.cpp(73): note: Ни один конструктор не смог принять исходный тип, либо разрешение перегрузки конструктора неоднозначно
c:\все-все)\programms\project\mp2-lab3-polish_notation2\sln\test\teststack.cpp(73): error C2088: ==: недопустимо для class
c:\все-все)\programms\project\mp2-lab3-polish_notation2\sln\test\teststack.cpp(73): error C2512: testing::AssertionResult: нет подходящего конструктора по умолчанию
  c:\все-все)\programms\project\mp2-lab3-polish_notation2\gtest\gtest.h(17671): note:  см. объявление "testing::AssertionResult"
  testList.cpp
c:\все-все)\programms\project\mp2-lab3-polish_notation2\includes\list.h(24): error C2059: синтаксическая ошибка: return
  c:\все-все)\programms\project\mp2-lab3-polish_notation2\includes\list.h(23): note: при компиляции функции-члена "<Нет данных>" класса <Нет данных>
  c:\все-все)\programms\project\mp2-lab3-polish_notation2\sln\test\testlist.cpp(19): note: см. ссылку на создание экземпляров функции шаблон при компиляции "List<Lexeme>::List(void)"
  c:\все-все)\programms\project\mp2-lab3-polish_notation2\sln\test\testlist.cpp(19): note: см. ссылку на создание экземпляров класса шаблон при компиляции "List<Lexeme>"
  testLexem.cpp
c:\все-все)\programms\project\mp2-lab3-polish_notation2\sln\test\testlexem.cpp(6): error C2661: Lexeme::Lexeme: нет перегруженной функции, принимающей 3 аргументов
  testFuction.cpp
  Создание кода...
